<?xml version="1.0" encoding="UTF-8"?>
<!-- Generated by org.testng.reporters.JUnitXMLReporter -->
<testsuite ignored="0" hostname="CRIBL-MUSHTAMN1" failures="0" tests="4" name="Submit Order Test" time="68.237" errors="0" timestamp="2025-02-04T19:05:36 PKT">
  <testcase classname="TestCases.SubmitOrderTest" name="orderHistory" time="2.193"/>
  <testcase classname="TestCases.SubmitOrderTest" name="orderHistory" time="10.236"/>
  <testcase classname="TestCases.SubmitOrderTest" name="submitOrder" time="5.913"/>
  <testcase classname="TestCases.SubmitOrderTest" name="submitOrder" time="7.361"/>
</testsuite> <!-- Submit Order Test -->
